<?xml version="1.0" encoding="UTF-8"?>
<!-- Generated by org.testng.reporters.JUnitXMLReporter -->
<testsuite hostname="LAPTOP-1DG9OKO7" ignored="2" name="Test-chrome" tests="4" failures="0" timestamp="2022-01-23T14:26:46 IST" time="176.985" errors="0">
  <testcase name="CreateOrgTest" time="23.473" classname="com.crm.comcast.organizationTest.OrganizationModuleTest"/>
  <testcase name="CreateOrgWithIndustry" time="23.938" classname="com.crm.comcast.organizationTest.OrganizationModuleTest"/>
  <testcase name="CreateContactTest" time="22.558" classname="com.crm.comcast.contactTest.ContactModuleTest"/>
  <testcase name="CreateContactWithOrgTest" time="43.174" classname="com.crm.comcast.contactTest.ContactModuleTest"/>
  <testcase name="@BeforeSuite connectDatabase" time="0.0" classname="com.crm.comcast.genericlibrary.BaseClass">
    <ignored/>
  </testcase> <!-- @BeforeSuite connectDatabase -->
  <testcase name="@AfterSuite disconnectDatabase" time="0.0" classname="com.crm.comcast.genericlibrary.BaseClass">
    <ignored/>
  </testcase> <!-- @AfterSuite disconnectDatabase -->
</testsuite> <!-- Test-chrome -->
