<?xml version="1.0" encoding="UTF-8"?>
<!-- Generated by org.testng.reporters.JUnitXMLReporter -->
<testsuite hostname="LAPTOP-1DG9OKO7" ignored="6" name="Test-firefox" tests="6" failures="0" timestamp="2022-03-10T22:45:54 IST" time="251.197" errors="0">
  <testcase name="CreateOrgTest" time="21.727" classname="com.crm.comcast.organizationTest.OrganizationModuleTest"/>
  <testcase name="CreateOrgWithIndustry" time="20.572" classname="com.crm.comcast.organizationTest.OrganizationModuleTest"/>
  <testcase name="CreateContactTest" time="16.069" classname="com.crm.comcast.contactTest.ContactModuleTest"/>
  <testcase name="CreateContactWithOrgTest" time="28.976" classname="com.crm.comcast.contactTest.ContactModuleTest"/>
  <testcase name="creatNewLeadByGivingInvalidInputToAnnualRevenue" time="10.155" classname="com.crm.comcast.leadTest.CreatNewLeadByGivingInvalidInputToAnnualRevenueTest"/>
  <testcase name="createNewLeadGivingAnnualRevenueTest" time="10.223" classname="com.crm.comcast.leadTest.CreateNewLeadGivingAnnualRevenueTest"/>
  <testcase name="@BeforeSuite connectDatabase" time="0.0" classname="com.crm.comcast.genericlibrary.BaseClass">
    <ignored/>
  </testcase> <!-- @BeforeSuite connectDatabase -->
  <testcase name="@BeforeSuite connectDatabase" time="0.0" classname="com.crm.comcast.genericlibrary.BaseClass">
    <ignored/>
  </testcase> <!-- @BeforeSuite connectDatabase -->
  <testcase name="@BeforeSuite connectDatabase" time="0.0" classname="com.crm.comcast.genericlibrary.BaseClass">
    <ignored/>
  </testcase> <!-- @BeforeSuite connectDatabase -->
  <testcase name="@AfterSuite disconnectDatabase" time="0.0" classname="com.crm.comcast.genericlibrary.BaseClass">
    <ignored/>
  </testcase> <!-- @AfterSuite disconnectDatabase -->
  <testcase name="@AfterSuite disconnectDatabase" time="0.0" classname="com.crm.comcast.genericlibrary.BaseClass">
    <ignored/>
  </testcase> <!-- @AfterSuite disconnectDatabase -->
  <testcase name="@AfterSuite disconnectDatabase" time="0.0" classname="com.crm.comcast.genericlibrary.BaseClass">
    <ignored/>
  </testcase> <!-- @AfterSuite disconnectDatabase -->
</testsuite> <!-- Test-firefox -->
