<?xml version="1.0" encoding="UTF-8"?>
<!-- Generated by org.testng.reporters.JUnitXMLReporter -->
<testsuite hostname="LAPTOP-1DG9OKO7" ignored="2" name="Test-chrome" tests="4" failures="0" timestamp="2022-01-29T10:53:44 IST" time="160.837" errors="0">
  <testcase name="CreateOrgTest" time="24.216" classname="com.crm.comcast.organizationTest.OrganizationModuleTest"/>
  <testcase name="CreateOrgWithIndustry" time="18.543" classname="com.crm.comcast.organizationTest.OrganizationModuleTest"/>
  <testcase name="CreateContactTest" time="23.324" classname="com.crm.comcast.contactTest.ContactModuleTest"/>
  <testcase name="CreateContactWithOrgTest" time="42.436" classname="com.crm.comcast.contactTest.ContactModuleTest"/>
  <testcase name="@BeforeSuite connectDatabase" time="0.0" classname="com.crm.comcast.genericlibrary.BaseClass">
    <ignored/>
  </testcase> <!-- @BeforeSuite connectDatabase -->
  <testcase name="@AfterSuite disconnectDatabase" time="0.0" classname="com.crm.comcast.genericlibrary.BaseClass">
    <ignored/>
  </testcase> <!-- @AfterSuite disconnectDatabase -->
</testsuite> <!-- Test-chrome -->
