<?xml version="1.0" encoding="UTF-8"?>
<!-- Generated by org.testng.reporters.JUnitXMLReporter -->
<testsuite hostname="LAPTOP-1DG9OKO7" ignored="6" name="Test-chrome" tests="6" failures="0" timestamp="2022-03-10T22:45:33 IST" time="227.599" errors="0">
  <testcase name="CreateOrgTest" time="29.299" classname="com.crm.comcast.organizationTest.OrganizationModuleTest"/>
  <testcase name="CreateOrgWithIndustry" time="19.536" classname="com.crm.comcast.organizationTest.OrganizationModuleTest"/>
  <testcase name="CreateContactTest" time="19.207" classname="com.crm.comcast.contactTest.ContactModuleTest"/>
  <testcase name="CreateContactWithOrgTest" time="34.521" classname="com.crm.comcast.contactTest.ContactModuleTest"/>
  <testcase name="creatNewLeadByGivingInvalidInputToAnnualRevenue" time="9.0" classname="com.crm.comcast.leadTest.CreatNewLeadByGivingInvalidInputToAnnualRevenueTest"/>
  <testcase name="createNewLeadGivingAnnualRevenueTest" time="17.35" classname="com.crm.comcast.leadTest.CreateNewLeadGivingAnnualRevenueTest"/>
  <testcase name="@BeforeSuite connectDatabase" time="0.0" classname="com.crm.comcast.genericlibrary.BaseClass">
    <ignored/>
  </testcase> <!-- @BeforeSuite connectDatabase -->
  <testcase name="@BeforeSuite connectDatabase" time="0.0" classname="com.crm.comcast.genericlibrary.BaseClass">
    <ignored/>
  </testcase> <!-- @BeforeSuite connectDatabase -->
  <testcase name="@BeforeSuite connectDatabase" time="0.0" classname="com.crm.comcast.genericlibrary.BaseClass">
    <ignored/>
  </testcase> <!-- @BeforeSuite connectDatabase -->
  <testcase name="@AfterSuite disconnectDatabase" time="0.0" classname="com.crm.comcast.genericlibrary.BaseClass">
    <ignored/>
  </testcase> <!-- @AfterSuite disconnectDatabase -->
  <testcase name="@AfterSuite disconnectDatabase" time="0.0" classname="com.crm.comcast.genericlibrary.BaseClass">
    <ignored/>
  </testcase> <!-- @AfterSuite disconnectDatabase -->
  <testcase name="@AfterSuite disconnectDatabase" time="0.0" classname="com.crm.comcast.genericlibrary.BaseClass">
    <ignored/>
  </testcase> <!-- @AfterSuite disconnectDatabase -->
</testsuite> <!-- Test-chrome -->
