<?xml version="1.0" encoding="UTF-8"?>
<!-- Generated by org.testng.reporters.JUnitReportReporter -->
<testsuite skipped="0" hostname="LAPTOP-1DG9OKO7" name="practise.ExtentReport" tests="1" failures="0" timestamp="2022-03-11T12:17:37 IST" time="26.215" errors="0">
  <testcase name="report" time="26.215" classname="practise.ExtentReport"/>
  <system-out>
    <![CDATA[launching browser
open vtiger
wait for load
Entering username
Entering password
ennter submit button]]>
  </system-out>
</testsuite> <!-- practise.ExtentReport -->
