<?xml version="1.0" encoding="UTF-8"?>
<!-- Generated by org.testng.reporters.JUnitReportReporter -->
<testsuite skipped="0" hostname="LAPTOP-1DG9OKO7" name="practise.Flipkart" tests="1" failures="0" timestamp="2022-03-25T22:18:38 IST" time="32.163" errors="0">
  <testcase name="flipkart" time="32.163" classname="practise.Flipkart"/>
  <system-out/>
</testsuite> <!-- practise.Flipkart -->
