<?xml version="1.0" encoding="UTF-8"?>
<!-- Generated by org.testng.reporters.JUnitReportReporter -->
<testsuite skipped="0" hostname="LAPTOP-1DG9OKO7" name="com.crm.comcast.contactTest.CreateContactWithOrgTest" tests="1" failures="0" timestamp="2022-01-21T11:39:46 IST" time="29.232" errors="0">
  <testcase name="CreateContactWithOrgTest" time="29.232" classname="com.crm.comcast.contactTest.CreateContactWithOrgTest"/>
  <system-out/>
</testsuite> <!-- com.crm.comcast.contactTest.CreateContactWithOrgTest -->
