<?xml version="1.0" encoding="UTF-8"?>
<!-- Generated by org.testng.reporters.JUnitReportReporter -->
<testsuite skipped="0" hostname="LAPTOP-1DG9OKO7" name="crm.OrganizationModuleTest" tests="3" failures="0" timestamp="2022-02-02T00:30:43 IST" time="36.278" errors="0">
  <testcase name="CreateOrgWithIndustry" time="12.668" classname="crm.OrganizationModuleTest"/>
  <system-out/>
  <testcase name="CreateOrgWithIndustry" time="12.226" classname="crm.OrganizationModuleTest"/>
  <system-out/>
  <testcase name="CreateOrgWithIndustry" time="11.384" classname="crm.OrganizationModuleTest"/>
  <system-out/>
</testsuite> <!-- crm.OrganizationModuleTest -->
