<?xml version="1.0" encoding="UTF-8"?>
<!-- Generated by org.testng.reporters.JUnitReportReporter -->
<testsuite skipped="0" hostname="LAPTOP-1DG9OKO7" name="com.crm.comcast.organizationTest.OrganizationModuleTest" tests="4" failures="0" timestamp="2022-01-23T14:26:46 IST" time="129.368" errors="0">
  <testcase name="CreateOrgTest" time="30.319" classname="com.crm.comcast.organizationTest.OrganizationModuleTest"/>
  <system-out/>
  <testcase name="CreateOrgWithIndustry" time="31.227" classname="com.crm.comcast.organizationTest.OrganizationModuleTest"/>
  <system-out/>
  <testcase name="CreateOrgTest" time="29.772" classname="com.crm.comcast.organizationTest.OrganizationModuleTest"/>
  <system-out/>
  <testcase name="CreateOrgWithIndustry" time="38.050" classname="com.crm.comcast.organizationTest.OrganizationModuleTest"/>
  <system-out/>
</testsuite> <!-- com.crm.comcast.organizationTest.OrganizationModuleTest -->
