<?xml version="1.0" encoding="UTF-8"?>
<!-- Generated by org.testng.reporters.JUnitReportReporter -->
<testsuite skipped="0" hostname="LAPTOP-1DG9OKO7" name="practise.Destination" tests="3" failures="0" timestamp="2022-01-30T21:24:54 IST" time="0.008" errors="0">
  <testcase name="bookTikTest" time="0.006" classname="practise.Destination"/>
  <system-out/>
  <testcase name="bookTikTest" time="0.001" classname="practise.Destination"/>
  <system-out/>
  <testcase name="bookTikTest" time="0.001" classname="practise.Destination"/>
  <system-out/>
</testsuite> <!-- practise.Destination -->
