<?xml version="1.0" encoding="UTF-8"?>
<!-- Generated by org.testng.reporters.JUnitReportReporter -->
<testsuite skipped="0" hostname="LAPTOP-1DG9OKO7" name="practise.Wind" tests="1" failures="0" timestamp="2022-03-19T13:46:50 IST" time="14.904" errors="0">
  <testcase name="windows" time="14.904" classname="practise.Wind"/>
  <system-out/>
</testsuite> <!-- practise.Wind -->
