<?xml version="1.0" encoding="UTF-8"?>
<!-- Generated by org.testng.reporters.JUnitReportReporter -->
<testsuite skipped="0" hostname="LAPTOP-1DG9OKO7" name="com.crm.comcast.contactTest.ContactModuleTest" tests="1" failures="0" timestamp="2022-03-24T23:53:03 IST" time="13.944" errors="0">
  <testcase name="CreateContactTest" time="13.944" classname="com.crm.comcast.contactTest.ContactModuleTest"/>
  <system-out/>
</testsuite> <!-- com.crm.comcast.contactTest.ContactModuleTest -->
