<?xml version="1.0" encoding="UTF-8"?>
<!-- Generated by org.testng.reporters.JUnitReportReporter -->
<testsuite skipped="0" hostname="LAPTOP-1DG9OKO7" name="com.crm.comcast.organizationTest.OrganizationModuleTest" tests="4" failures="0" timestamp="2022-03-10T22:45:54 IST" time="126.349" errors="0">
  <testcase name="CreateOrgTest" time="34.273" classname="com.crm.comcast.organizationTest.OrganizationModuleTest"/>
  <system-out/>
  <testcase name="CreateOrgWithIndustry" time="28.060" classname="com.crm.comcast.organizationTest.OrganizationModuleTest"/>
  <system-out/>
  <testcase name="CreateOrgWithIndustry" time="34.526" classname="com.crm.comcast.organizationTest.OrganizationModuleTest"/>
  <system-out/>
  <testcase name="CreateOrgTest" time="29.490" classname="com.crm.comcast.organizationTest.OrganizationModuleTest"/>
  <system-out/>
</testsuite> <!-- com.crm.comcast.organizationTest.OrganizationModuleTest -->
