<?xml version="1.0" encoding="UTF-8"?>
<!-- Generated by org.testng.reporters.JUnitReportReporter -->
<testsuite skipped="0" hostname="LAPTOP-1DG9OKO7" name="crm.CreateContactWithOrgTest" tests="1" failures="0" timestamp="2022-01-21T20:56:02 IST" time="57.749" errors="0">
  <testcase name="CreateContactWithOrgTest" time="57.749" classname="crm.CreateContactWithOrgTest"/>
  <system-out/>
</testsuite> <!-- crm.CreateContactWithOrgTest -->
