<?xml version="1.0" encoding="UTF-8"?>
<!-- Generated by org.testng.reporters.JUnitReportReporter -->
<testsuite skipped="0" hostname="LAPTOP-1DG9OKO7" name="com.crm.comcast.leadTest.CreatNewLeadByGivingInvalidInputToAnnualRevenue" tests="1" failures="0" timestamp="2022-02-06T00:26:45 IST" time="10.289" errors="0">
  <testcase name="creatNewLeadByGivingInvalidInputToAnnualRevenue" time="10.289" classname="com.crm.comcast.leadTest.CreatNewLeadByGivingInvalidInputToAnnualRevenue"/>
  <system-out/>
</testsuite> <!-- com.crm.comcast.leadTest.CreatNewLeadByGivingInvalidInputToAnnualRevenue -->
