<?xml version="1.0" encoding="UTF-8"?>
<!-- Generated by org.testng.reporters.JUnitReportReporter -->
<testsuite skipped="0" hostname="LAPTOP-1DG9OKO7" name="practise.FlipkartForPhoneAndAmount" tests="1" failures="0" timestamp="2022-03-26T16:50:25 IST" time="71.711" errors="0">
  <testcase name="flipkart" time="71.711" classname="practise.FlipkartForPhoneAndAmount"/>
  <system-out/>
</testsuite> <!-- practise.FlipkartForPhoneAndAmount -->
