<?xml version="1.0" encoding="UTF-8"?>
<!-- Generated by org.testng.reporters.JUnitReportReporter -->
<testsuite skipped="0" hostname="LAPTOP-1DG9OKO7" name="com.crm.comcast.contactTest.ContactModuleTest" tests="4" failures="0" timestamp="2022-01-23T14:26:46 IST" time="158.400" errors="0">
  <testcase name="CreateContactTest" time="27.137" classname="com.crm.comcast.contactTest.ContactModuleTest"/>
  <system-out/>
  <testcase name="CreateContactWithOrgTest" time="42.899" classname="com.crm.comcast.contactTest.ContactModuleTest"/>
  <system-out/>
  <testcase name="CreateContactTest" time="30.768" classname="com.crm.comcast.contactTest.ContactModuleTest"/>
  <system-out/>
  <testcase name="CreateContactWithOrgTest" time="57.596" classname="com.crm.comcast.contactTest.ContactModuleTest"/>
  <system-out/>
</testsuite> <!-- com.crm.comcast.contactTest.ContactModuleTest -->
