<?xml version="1.0" encoding="UTF-8"?>
<!-- Generated by org.testng.reporters.JUnitReportReporter -->
<testsuite skipped="0" hostname="LAPTOP-1DG9OKO7" name="com.crm.comcast.leadTest.CreateNewLeadGivingAnnualRevenue" tests="1" failures="0" timestamp="2022-02-05T23:58:21 IST" time="13.634" errors="0">
  <testcase name="createNewLeadGivingAnnualRevenue" time="13.634" classname="com.crm.comcast.leadTest.CreateNewLeadGivingAnnualRevenue"/>
  <system-out/>
</testsuite> <!-- com.crm.comcast.leadTest.CreateNewLeadGivingAnnualRevenue -->
