<?xml version="1.0" encoding="UTF-8"?>
<!-- Generated by org.testng.reporters.JUnitReportReporter -->
<testsuite skipped="0" hostname="LAPTOP-1DG9OKO7" name="com.crm.comcast.leadTest.CreateNewLeadGivingAnnualRevenueTest" tests="2" failures="0" timestamp="2022-03-10T22:45:54 IST" time="43.015" errors="0">
  <testcase name="createNewLeadGivingAnnualRevenueTest" time="16.459" classname="com.crm.comcast.leadTest.CreateNewLeadGivingAnnualRevenueTest"/>
  <system-out/>
  <testcase name="createNewLeadGivingAnnualRevenueTest" time="26.556" classname="com.crm.comcast.leadTest.CreateNewLeadGivingAnnualRevenueTest"/>
  <system-out/>
</testsuite> <!-- com.crm.comcast.leadTest.CreateNewLeadGivingAnnualRevenueTest -->
