<?xml version="1.0" encoding="UTF-8"?>
<!-- Generated by org.testng.reporters.JUnitReportReporter -->
<testsuite skipped="0" hostname="LAPTOP-1DG9OKO7" name="com.crm.comcast.leadTest.CreatNewLeadByGivingInvalidInputToAnnualRevenueTest" tests="2" failures="0" timestamp="2022-03-10T22:45:54 IST" time="30.056" errors="0">
  <testcase name="creatNewLeadByGivingInvalidInputToAnnualRevenue" time="14.354" classname="com.crm.comcast.leadTest.CreatNewLeadByGivingInvalidInputToAnnualRevenueTest"/>
  <system-out/>
  <testcase name="creatNewLeadByGivingInvalidInputToAnnualRevenue" time="15.702" classname="com.crm.comcast.leadTest.CreatNewLeadByGivingInvalidInputToAnnualRevenueTest"/>
  <system-out/>
</testsuite> <!-- com.crm.comcast.leadTest.CreatNewLeadByGivingInvalidInputToAnnualRevenueTest -->
