<?xml version="1.0" encoding="UTF-8"?>
<!-- Generated by org.testng.reporters.JUnitReportReporter -->
<testsuite skipped="0" hostname="LAPTOP-1DG9OKO7" name="crm.CreateContactWithOrgTest" tests="1" failures="0" timestamp="2022-01-26T22:14:43 IST" time="35.064" errors="0">
  <testcase name="CreateContactWithOrgTest" time="35.064" classname="crm.CreateContactWithOrgTest"/>
  <system-out/>
</testsuite> <!-- crm.CreateContactWithOrgTest -->
