<?xml version="1.0" encoding="UTF-8"?>
<!-- Generated by org.testng.reporters.JUnitReportReporter -->
<testsuite skipped="0" hostname="LAPTOP-1DG9OKO7" name="crm.OrganizationModuleTest" tests="1" failures="0" timestamp="2022-01-21T22:17:16 IST" time="15.300" errors="0">
  <testcase name="CreateOrgWithIndustry" time="15.300" classname="crm.OrganizationModuleTest"/>
  <system-out/>
</testsuite> <!-- crm.OrganizationModuleTest -->
