<?xml version="1.0" encoding="UTF-8"?>
<!-- Generated by org.testng.reporters.JUnitReportReporter -->
<testsuite skipped="0" hostname="LAPTOP-1DG9OKO7" name="com.crm.comcast.organizationTest.OrganizationModuleTest" tests="4" failures="0" timestamp="2022-01-29T10:54:04 IST" time="123.846" errors="0">
  <testcase name="CreateOrgWithIndustry" time="34.383" classname="com.crm.comcast.organizationTest.OrganizationModuleTest"/>
  <system-out/>
  <testcase name="CreateOrgWithIndustry" time="26.671" classname="com.crm.comcast.organizationTest.OrganizationModuleTest"/>
  <system-out/>
  <testcase name="CreateOrgTest" time="28.837" classname="com.crm.comcast.organizationTest.OrganizationModuleTest"/>
  <system-out/>
  <testcase name="CreateOrgTest" time="33.955" classname="com.crm.comcast.organizationTest.OrganizationModuleTest"/>
  <system-out/>
</testsuite> <!-- com.crm.comcast.organizationTest.OrganizationModuleTest -->
