<?xml version="1.0" encoding="UTF-8"?>
<!-- Generated by org.testng.reporters.JUnitReportReporter -->
<testsuite skipped="0" hostname="LAPTOP-1DG9OKO7" name="com.crm.comcast.contactTest.ContactModuleTest" tests="4" failures="0" timestamp="2022-01-29T10:54:04 IST" time="155.273" errors="0">
  <testcase name="CreateContactWithOrgTest" time="43.825" classname="com.crm.comcast.contactTest.ContactModuleTest"/>
  <system-out/>
  <testcase name="CreateContactTest" time="34.691" classname="com.crm.comcast.contactTest.ContactModuleTest"/>
  <system-out/>
  <testcase name="CreateContactWithOrgTest" time="50.678" classname="com.crm.comcast.contactTest.ContactModuleTest"/>
  <system-out/>
  <testcase name="CreateContactTest" time="26.079" classname="com.crm.comcast.contactTest.ContactModuleTest"/>
  <system-out/>
</testsuite> <!-- com.crm.comcast.contactTest.ContactModuleTest -->
