<?xml version="1.0" encoding="UTF-8"?>
<!-- Generated by org.testng.reporters.JUnitReportReporter -->
<testsuite skipped="0" hostname="LAPTOP-1DG9OKO7" name="crm.CreateContactTest" tests="1" failures="0" timestamp="2022-01-21T20:52:50 IST" time="48.372" errors="0">
  <testcase name="CreateContactTest" time="48.372" classname="crm.CreateContactTest"/>
  <system-out/>
</testsuite> <!-- crm.CreateContactTest -->
