<?xml version="1.0" encoding="UTF-8"?>
<!-- Generated by org.testng.reporters.JUnitXMLReporter -->
<testsuite hostname="LAPTOP-1DG9OKO7" ignored="0" name="Test-Runner1" tests="2" failures="0" timestamp="2022-01-21T15:38:19 IST" time="81.314" errors="0">
  <testcase name="CreateOrgTest" time="25.089" classname="com.crm.comcast.organizationTest.OrganizationModuleTest"/>
  <testcase name="CreateOrgWithIndustry" time="26.228" classname="com.crm.comcast.organizationTest.OrganizationModuleTest"/>
</testsuite> <!-- Test-Runner1 -->
