<?xml version="1.0" encoding="UTF-8"?>
<!-- Generated by org.testng.reporters.JUnitXMLReporter -->
<testsuite hostname="LAPTOP-1DG9OKO7" ignored="0" name="Test-Runner2" tests="2" failures="0" timestamp="2022-01-21T15:38:42 IST" time="104.445" errors="0">
  <testcase name="CreateContactTest" time="26.111" classname="com.crm.comcast.contactTest.ContactModuleTest"/>
  <testcase name="CreateContactWithOrgTest" time="48.031" classname="com.crm.comcast.contactTest.ContactModuleTest"/>
</testsuite> <!-- Test-Runner2 -->
